138.330000
8.230000
4.756000
4.845000
5.427000
4.859000
4.831000
4.728000
4.670000
4.661000
4.757000
4.676000
4.784000
4.807000
5.114000
4.725000
4.456000
4.249000
3.920000
823.370000
197.060000
24.160000
15.420000
15.070000
16.630000
18.020000
17.870000
15.880000
17.200000
17.650000
15.500000
18.470000
15.050000
16.270000
15.350000
15.740000
14.600000
16.460000
19.970000
16.210000
16.520000
18.690000
17.480000
16.770000
16.310000
16.010000
17.760000
15.460000
16.790000
15.230000
15.210000
15.030000
14.830000
14.910000
14.770000
14.760000
15.440000
15.540000
14.990000
15.060000
15.220000
14.820000
15.940000
15.200000
15.830000
15.180000
15.520000
19.740000
17.360000
16.180000
15.820000
16.200000
15.680000
14.960000
17.480000
15.350000
15.290000
15.030000
14.990000
17.160000
16.590000
18.690000
15.140000
15.140000
15.290000
13.220000
11.740000
10.320000
10.240000
6.930000
0
0
0
0
0
