42.3
5.195
4.695
4.84
4.755
4.825
4.78
4.705
4.67
4.685
4.695
4.675
4.65
4.825
4.96
4.71
4.84
4.75
4.78
43.0
15.9
5.42
5.30
11.4
5.23
5.57
5.47
4.97
5.10
5.32
5.01
5.60
5.27
7.00
5.27
10.93
10.195
16.2
16.6
16.4
16.6
16.8
16.6
17.2
17.0
16.7
16.7
16.6
16.7
17.0
16.8
16.5
16.5
16.5
16.3
16.4
16.9
16.5
16.7
16.7
16.5
16.5
16.6
16.7
16.5
16.3
16.7
17.1
16.8
16.7
16.6
16.3
16.7
16.4
16.5
16.7
17.0
16.4
16.5
16.9
16.8
16.7
16.9
16.7
16.8
16.45
16.8
17.05
16.95
16.75
43.0
43.0
43.0
43.0
43.0
47.3
30.2
16.9
16.4
16.4
16.1
16.3
16.2
16.6
16.3
16.5
16.3
16.2
16.4
16.2
16.3
16.4
16.2
16.2
16.7
16.6
16.5
16.9
17.1
16.7
16.7
17.0
16.7
16.7
16.7
16.8
16.6
16.5
16.9
16.7
16.5
16.6
16.4
16.6
16.8
16.7
16.5
16.4
17.0
16.7
16.5
16.7
16.8
16.8
16.6
16.8
17.1
16.5
16.9
16.4
16.6
16.7
16.7
16.5
16.5
16.6
16.7
16.8
16.8
16.7
16.6
16.45
16.6
16.7
16.65
16.8
1184
38.1
17.1
16.7
16.4
16.2
16.5
16.5
16.5
16.5
16.5
16.7
16.6
16.5
16.6
16.7
16.3
16.35
16.2
16.7
16.7
16.6
16.8
17.0
16.7
16.7
16.7
16.5
16.6
16.6
17.0
16.7
16.9
16.5
16.7
16.6
16.6
16.7
16.6
16.7
16.7
16.5
16.5
16.9
16.6
16.5
16.7
16.8
16.7
16.6
16.6
16.8
16.7
16.8
16.3
17.0
16.7
16.4
16.5
16.4
16.6
16.7
16.8
16.7
16.7
16.7
16.6
16.6
16.5
16.55
16.6
16.75
16.3
16.3
16.4
16.4
16.55
16.6
1214
34.9
17.7
16.7
16.5
16.4
16.5
16.6
16.6
16.5
16.6
16.8
16.6
16.5
16.6
16.7
16.4
16.4
16.4
16.7
16.8
16.6
16.8
16.7
16.7
16.7
16.7
16.5
16.7
16.6
16.6
16.7
16.5
16.7
16.7
16.6
16.7
16.9
16.6
16.7
16.6
16.5
16.5
16.7
16.6
16.5
16.6
16.8
16.8
16.6
16.6
16.8
16.7
16.9
16.4
17.0
16.7
16.5
16.6
16.4
16.5
16.6
16.7
16.8
16.7
16.6
16.45
16.5
16.55
16.6
16.6
16.75
16.4
16.35
16.45
16.55
16.5
1214
1245
